This is LuaTeX, Version beta-0.79.1 (TeX Live 2014) (rev 4971)  (format=lualatex 2014.8.6)  31 AUG 2015 18:00
 restricted \write18 enabled.
**labels.tex
(./labels.tex
LaTeX2e <2014/05/01>
Babel <3.9k> and hyphenation patterns for 79 languages loaded.
(/usr/local/texlive/2014/texmf-dist/tex/latex/memoir/memoir.cls
Document Class: memoir 2013/05/30 v3.7b configurable book, report, article docum
ent class
\onelineskip=\skip41
\lxvchars=\skip42
\xlvchars=\skip43
\@memcnta=\count79
\c@@memmarkcntra=\count80
(/usr/local/texlive/2014/texmf-dist/tex/generic/oberdiek/ifpdf.sty
Package: ifpdf 2011/01/30 v2.3 Provides the ifpdf switch (HO)
Package ifpdf Info: pdfTeX in PDF mode is detected.
)
(/usr/local/texlive/2014/texmf-dist/tex/latex/ifetex/ifetex.sty
Package: ifetex 2011/12/15 v1.2 ifetex

(/usr/local/texlive/2014/texmf-dist/tex/plain/ifetex/ifetex.tex))
(/usr/local/texlive/2014/texmf-dist/tex/generic/ifxetex/ifxetex.sty
Package: ifxetex 2010/09/12 v0.6 Provides ifxetex conditional
)
(/usr/local/texlive/2014/texmf-dist/tex/generic/oberdiek/ifluatex.sty
Package: ifluatex 2010/03/01 v1.3 Provides the ifluatex switch (HO)
Package ifluatex Info: LuaTeX detected.
)
\stockheight=\skip44
\stockwidth=\skip45
\trimtop=\skip46
\trimedge=\skip47

(/usr/local/texlive/2014/texmf-dist/tex/latex/etex-pkg/etex.sty
Package: etex 1998/03/26 v2.0 eTeX basic definition package (PEB)
\et@xins=\count81
)
(/usr/local/texlive/2014/texmf-dist/tex/latex/memoir/mem10.clo
File: mem10.clo 2008/01/30 v0.3 memoir class 10pt size option
)
\binding=\skip48
\spinemargin=\skip49
\foremargin=\skip50
\uppermargin=\skip51
\lowermargin=\skip52
\headdrop=\skip53
\normalrulethickness=\skip54
\mem@maxheadheight=\skip55
\mem@maxfootheight=\skip56
\headwidth=\skip57
\c@storedpagenumber=\count82
\memPD=\dimen102
\m@mabparskip=\skip58
\thanksmarkwidth=\skip59
\thanksmarksep=\skip60
\droptitle=\skip61
\c@book=\count83
\c@part=\count84
\c@chapter=\count85
\c@section=\count86
\c@subsection=\count87
\c@subsubsection=\count88
\c@paragraph=\count89
\c@subparagraph=\count90
\beforechapskip=\skip62
\midchapskip=\skip63
\afterchapskip=\skip64
\chapindent=\skip65
\bottomsectionskip=\skip66
\secindent=\skip67
\beforesecskip=\skip68
\aftersecskip=\skip69
\subsecindent=\skip70
\beforesubsecskip=\skip71
\aftersubsecskip=\skip72
\subsubsecindent=\skip73
\beforesubsubsecskip=\skip74
\aftersubsubsecskip=\skip75
\paraindent=\skip76
\beforeparaskip=\skip77
\afterparaskip=\skip78
\subparaindent=\skip79
\beforesubparaskip=\skip80
\aftersubparaskip=\skip81
\pfbreakskip=\skip82
\c@@ppsavesec=\count91
\c@@ppsaveapp=\count92
\ragrparindent=\dimen103
\everylistparindent=\dimen104
\parsepi=\skip83
\topsepi=\skip84
\itemsepi=\skip85
\parsepii=\skip86
\topsepii=\skip87
\topsepiii=\skip88
\itemsepii=\skip89
\itemsepiii=\skip90
\partopsepii=\skip91
\partopsepiii=\skip92
\m@msavetopsep=\skip93
\m@msavepartopsep=\skip94
\@enLab=\toks14
\abstitleskip=\skip95
\absleftindent=\skip96
\abs@leftindent=\dimen105
\absrightindent=\skip97
\absparindent=\skip98
\absparsep=\skip99
\c@vslineno=\count93
\c@poemline=\count94
\c@modulo@vs=\count95
\c@memfvsline=\count96
\vleftskip=\skip100
\vrightskip=\skip101
\stanzaskip=\skip102
\versewidth=\skip103
\vgap=\skip104
\vindent=\skip105
\vleftmargin=\dimen106
\c@verse=\count97
\c@chrsinstr=\count98
\beforepoemtitleskip=\skip106
\afterpoemtitleskip=\skip107
\c@poem=\count99
\beforePoemTitleskip=\skip108
\midPoemTitleskip=\skip109
\afterPoemTitleskip=\skip110
\col@sep=\dimen107
\extrarowheight=\dimen108
\NC@list=\toks15
\extratabsurround=\skip111
\backup@length=\skip112
\TX@col@width=\dimen109
\TX@old@table=\dimen110
\TX@old@col=\dimen111
\TX@target=\dimen112
\TX@delta=\dimen113
\TX@cols=\count100
\TX@ftn=\toks16
\heavyrulewidth=\dimen114
\lightrulewidth=\dimen115
\cmidrulewidth=\dimen116
\belowrulesep=\dimen117
\belowbottomsep=\dimen118
\aboverulesep=\dimen119
\abovetopsep=\dimen120
\cmidrulesep=\dimen121
\cmidrulekern=\dimen122
\defaultaddspace=\dimen123
\@cmidla=\count101
\@cmidlb=\count102
\@aboverulesep=\dimen124
\@belowrulesep=\dimen125
\@thisruleclass=\count103
\@lastruleclass=\count104
\@thisrulewidth=\dimen126
\ctableftskip=\skip113
\ctabrightskip=\skip114
\abovecolumnspenalty=\count105
\@linestogo=\count106
\@cellstogo=\count107
\@cellsincolumn=\count108
\crtok=\toks17
\@mincolumnwidth=\dimen127
\c@newflo@tctr=\count109
\mem@margin@floatbox=\box26
\@contcwidth=\skip115
\@contindw=\skip116
\abovecaptionskip=\skip117
\belowcaptionskip=\skip118
\subfloattopskip=\skip119
\subfloatcapskip=\skip120
\subfloatcaptopadj=\skip121
\subfloatbottomskip=\skip122
\subfloatlabelskip=\skip123
\subfloatcapmargin=\dimen128
\c@@contsubnum=\count110
\m@mscap@capbox=\box27
\m@mscap@fbox=\box28
\sidecapsep=\dimen129
\sidecapwidth=\dimen130
\m@m@tempdima=\dimen131
\m@mscapraise=\dimen132
\sidecapraise=\dimen133
\m@mscapmainwidth=\dimen134
\m@mscaplkern=\dimen135
\beforeepigraphskip=\skip124
\afterepigraphskip=\skip125
\epigraphwidth=\skip126
\epigraphrule=\skip127
LaTeX Info: Redefining \em on input line 7492.
LaTeX Info: Redefining \emph on input line 7500.
\tocentryskip=\skip128
\tocbaseline=\skip129
\cftparskip=\skip130
\cftbeforebookskip=\skip131
\cftbookindent=\dimen136
\cftbooknumwidth=\dimen137
\cftbeforepartskip=\skip132
\cftpartindent=\skip133
\cftpartnumwidth=\skip134
\cftbeforechapterskip=\skip135
\cftchapterindent=\skip136
\cftchapternumwidth=\skip137
\cftbeforesectionskip=\skip138
\cftsectionindent=\skip139
\cftsectionnumwidth=\skip140
\cftbeforesubsectionskip=\skip141
\cftsubsectionindent=\skip142
\cftsubsectionnumwidth=\skip143
\cftbeforesubsubsectionskip=\skip144
\cftsubsubsectionindent=\skip145
\cftsubsubsectionnumwidth=\skip146
\cftbeforeparagraphskip=\skip147
\cftparagraphindent=\skip148
\cftparagraphnumwidth=\skip149
\cftbeforesubparagraphskip=\skip150
\cftsubparagraphindent=\skip151
\cftsubparagraphnumwidth=\skip152
\prechapterprecisshift=\dimen138
\c@maxsecnumdepth=\count111
\bibindent=\dimen139
\bibitemsep=\skip153
\indexcolsep=\skip154
\indexrule=\skip155
\indexmarkstyle=\toks18
\@indexbox=\insert233
\glossarycolsep=\dimen140
\glossaryrule=\dimen141
\sideparvshift=\skip156
\sideins=\insert232
\sidebartopsep=\skip157
\sidebarhsep=\skip158
\sidebarvsep=\skip159
\sidebarwidth=\skip160
\footmarkwidth=\skip161
\footmarksep=\skip162
\footparindent=\skip163
\footinsdim=\skip164
\footinsv@r=\insert231
\@mpfootinsv@r=\insert230
\m@m@k=\count112
\m@m@h=\dimen142
\m@mipn@skip=\skip165
\sidefootins=\insert229
\sidefootadjust=\skip166
\sidefootheight=\skip167
\sidefoothsep=\skip168
\sidefootvsep=\skip169
\sidefootwidth=\skip170
\m@mdownsf=\skip171
\c@sidefootnote=\count113
\sidefootmarkwidth=\skip172
\sidefootmarksep=\skip173
\sidefootparindent=\skip174
\c@pagenote=\count114
\c@pagenoteshadow=\count115
\mem@pn@lastkern=\skip175
\every@verbatim=\toks19
\afterevery@verbatim=\toks20
\verbatim@line=\toks21
\tab@position=\count116
\verbatim@in@stream=\read1
\verbatimindent=\skip176
\verbatim@out=\write3
\bvboxsep=\skip177
\c@memfbvline=\count117
\c@bvlinectr=\count118
\bvnumlength=\skip178
\fb@frw=\dimen143
\fb@frh=\dimen144
\FrameRule=\dimen145
\FrameSep=\dimen146
\c@cp@cntr=\count119
LaTeX Info: Redefining \: on input line 11958.
LaTeX Info: Redefining \! on input line 11960.
\c@ism@mctr=\count120
\c@xsm@mctr=\count121
\c@csm@mctr=\count122
\c@ksm@mctr=\count123
\c@xksm@mctr=\count124
\c@cksm@mctr=\count125
\c@msm@mctr=\count126
\c@xmsm@mctr=\count127
\c@cmsm@mctr=\count128
\c@bsm@mctr=\count129
\c@workm@mctr=\count130
\c@sheetsequence=\count131
\c@lastsheet=\count132
\c@lastpage=\count133
\c@figure=\count134
\c@lofdepth=\count135
\cftbeforefigureskip=\skip179
\cftfigureindent=\skip180
\cftfigurenumwidth=\skip181
\c@table=\count136
\c@lotdepth=\count137
\cftbeforetableskip=\skip182
\cfttableindent=\skip183
\cfttablenumwidth=\skip184
Package abstract [2008/07/23] emulated by memoir.
Package appendix [2008/07/23] emulated by memoir.
Package array [2008/09/09] emulated by memoir.
Package booktabs [2008/07/23] emulated by memoir.
Package ccaption [2008/07/23] emulated by memoir.
Package changepage [2008/07/23] emulated by memoir.
Package chngcntr [2008/07/23] emulated by memoir.
Package chngpage [2008/07/23] emulated by memoir.
Package crop emulated by memoir.
Package dcolumn [2008/07/23] emulated by memoir.
Package delarray [2008/07/23] emulated by memoir.
Package enumerate [2008/07/23] emulated by memoir.
Package epigraph [2008/07/23] emulated by memoir.
Package ifmtarg [2008/07/23] emulated by memoir.
Package index [2008/07/23] emulated by memoir.
Package makeidx [2008/07/23] emulated by memoir.
Package moreverb [2008/07/23] emulated by memoir.
Package mparhack [2008/07/23] emulated by memoir.
Package needspace [2008/07/23] emulated by memoir.
Package newfile [2008/07/23] emulated by memoir.
Package nextpage [2008/07/23] emulated by memoir.
Package pagenote [2008/07/23] emulated by memoir.
Package parskip [2008/07/23] emulated by memoir.
Package patchcmd [2008/07/23] emulated by memoir.
Package setspace [2008/07/23] emulated by memoir.
Package shortvrb [2008/07/23] emulated by memoir.
Package showidx [2008/07/23] emulated by memoir.
Package tabularx [2008/07/23] emulated by memoir.
Package titleref [2008/07/23] emulated by memoir.
Package titling [2008/07/23] emulated by memoir.
Package tocbibind [2008/07/23] emulated by memoir.
Package tocloft [2008/07/23] emulated by memoir.
Package tocvsec2 [2008/07/23] emulated by memoir.
Package verbatim [2008/07/23] emulated by memoir.
Package verse [2008/07/23] emulated by memoir.

(/usr/local/texlive/2014/texmf-dist/tex/latex/memoir/mempatch.sty
Package: mempatch 2009/07/24 v6.0f Patches for memoir class v1.6180339
))
(/usr/local/texlive/2014/texmf-dist/tex/latex/fontspec/fontspec.sty
Package: fontspec 2014/06/21 v2.4a Font selection for XeLaTeX and LuaLaTeX

(/usr/local/texlive/2014/texmf-dist/tex/latex/l3kernel/expl3.sty
Package: expl3 2014/08/25 v5378 L3 programming layer (loader) 

(/usr/local/texlive/2014/texmf-dist/tex/latex/l3kernel/expl3-code.tex
Package: expl3 2014/08/25 v5378 L3 programming layer (code) 
L3 Module: l3bootstrap 2014/08/23 v5354 L3 Bootstrap code
L3 Module: l3names 2014/08/22 v5343 L3 Namespace for primitives
L3 Module: l3basics 2014/08/24 v5364 L3 Basic definitions
L3 Module: l3expan 2014/08/22 v5349 L3 Argument expansion
L3 Module: l3tl 2014/08/24 v5359 L3 Token lists
L3 Module: l3str 2014/08/24 v5368 L3 Strings
L3 Module: l3seq 2014/08/23 v5354 L3 Sequences and stacks
L3 Module: l3int 2014/08/25 v5372 L3 Integers
\c_max_int=\count138
\l_tmpa_int=\count139
\l_tmpb_int=\count140
\g_tmpa_int=\count141
\g_tmpb_int=\count142
L3 Module: l3quark 2014/08/23 v5354 L3 Quarks
L3 Module: l3prg 2014/08/23 v5354 L3 Control structures
\g__prg_map_int=\count143
L3 Module: l3clist 2014/08/23 v5354 L3 Comma separated lists
L3 Module: l3token 2014/08/23 v5354 L3 Experimental token manipulation
L3 Module: l3prop 2014/08/23 v5354 L3 Property lists
L3 Module: l3msg 2014/08/24 v5358 L3 Messages
L3 Module: l3file 2014/08/24 v5369 L3 File and I/O operations
\l_iow_line_count_int=\count144
\l__iow_target_count_int=\count145
\l__iow_current_line_int=\count146
\l__iow_current_word_int=\count147
\l__iow_current_indentation_int=\count148
L3 Module: l3skip 2014/08/23 v5354 L3 Dimensions and skips
\c_zero_dim=\dimen147
\c_max_dim=\dimen148
\l_tmpa_dim=\dimen149
\l_tmpb_dim=\dimen150
\g_tmpa_dim=\dimen151
\g_tmpb_dim=\dimen152
\c_zero_skip=\skip185
\c_max_skip=\skip186
\l_tmpa_skip=\skip187
\l_tmpb_skip=\skip188
\g_tmpa_skip=\skip189
\g_tmpb_skip=\skip190
\c_zero_muskip=\muskip10
\c_max_muskip=\muskip11
\l_tmpa_muskip=\muskip12
\l_tmpb_muskip=\muskip13
\g_tmpa_muskip=\muskip14
\g_tmpb_muskip=\muskip15
L3 Module: l3keys 2014/08/23 v5354 L3 Key-value interfaces
\g__keyval_level_int=\count149
\l_keys_choice_int=\count150
L3 Module: l3fp 2014/08/22 v5336 L3 Floating points
\c__fp_leading_shift_int=\count151
\c__fp_middle_shift_int=\count152
\c__fp_trailing_shift_int=\count153
\c__fp_big_leading_shift_int=\count154
\c__fp_big_middle_shift_int=\count155
\c__fp_big_trailing_shift_int=\count156
\c__fp_Bigg_leading_shift_int=\count157
\c__fp_Bigg_middle_shift_int=\count158
\c__fp_Bigg_trailing_shift_int=\count159
L3 Module: l3box 2014/08/23 v5354 L3 Experimental boxes
\c_empty_box=\box29
\l_tmpa_box=\box30
\l_tmpb_box=\box31
\g_tmpa_box=\box32
\g_tmpb_box=\box33
L3 Module: l3coffins 2014/08/23 v5354 L3 Coffin code layer
\l__coffin_internal_box=\box34
\l__coffin_internal_dim=\dimen153
\l__coffin_offset_x_dim=\dimen154
\l__coffin_offset_y_dim=\dimen155
\l__coffin_x_dim=\dimen156
\l__coffin_y_dim=\dimen157
\l__coffin_x_prime_dim=\dimen158
\l__coffin_y_prime_dim=\dimen159
\c_empty_coffin=\box35
\l__coffin_aligned_coffin=\box36
\l__coffin_aligned_internal_coffin=\box37
\l_tmpa_coffin=\box38
\l_tmpb_coffin=\box39
\l__coffin_display_coffin=\box40
\l__coffin_display_coord_coffin=\box41
\l__coffin_display_pole_coffin=\box42
\l__coffin_display_offset_dim=\dimen160
\l__coffin_display_x_dim=\dimen161
\l__coffin_display_y_dim=\dimen162
L3 Module: l3color 2014/08/23 v5354 L3 Experimental color support
L3 Module: l3candidates 2014/08/24 v5366 L3 Experimental additions to l3kernel
\l__box_top_dim=\dimen163
\l__box_bottom_dim=\dimen164
\l__box_left_dim=\dimen165
\l__box_right_dim=\dimen166
\l__box_top_new_dim=\dimen167
\l__box_bottom_new_dim=\dimen168
\l__box_left_new_dim=\dimen169
\l__box_right_new_dim=\dimen170
\l__box_internal_box=\box43
\l__coffin_bounding_shift_dim=\dimen171
\l__coffin_left_corner_dim=\dimen172
\l__coffin_right_corner_dim=\dimen173
\l__coffin_bottom_corner_dim=\dimen174
\l__coffin_top_corner_dim=\dimen175
\l__coffin_scaled_total_height_dim=\dimen176
\l__coffin_scaled_width_dim=\dimen177
)
(/usr/local/texlive/2014/texmf-dist/tex/latex/l3kernel/l3unicode-data.def
File: l3unicode-data.def 2014/08/12 v5276 L3 Unicode data
)
(/usr/local/texlive/2014/texmf-dist/tex/latex/l3kernel/l3pdfmode.def
File: l3pdfmode.def 2014/08/24 v5366 L3 Experimental driver: PDF mode
\l__driver_color_stack_int=\count160
))
(/usr/local/texlive/2014/texmf-dist/tex/latex/l3packages/xparse/xparse.sty
Package: xparse 2014/08/25 v5378 L3 Experimental document command parser
\l__xparse_current_arg_int=\count161
\l__xparse_m_args_int=\count162
\l__xparse_mandatory_args_int=\count163
\l__xparse_processor_int=\count164
\l__xparse_v_nesting_int=\count165
)
(/usr/local/texlive/2014/texmf-dist/tex/luatex/luaotfload/luaotfload.sty
Package: luaotfload 2014/08/10 v2.5-4 OpenType layout system

(/usr/local/texlive/2014/texmf-dist/tex/luatex/luatexbase/luatexbase.sty
Package: luatexbase 2013/05/11 v0.6 Resource management for the LuaTeX macro pro
grammer

(/usr/local/texlive/2014/texmf-dist/tex/generic/oberdiek/luatex.sty
Package: luatex 2010/03/09 v0.4 LuaTeX basic definition package (HO)

(/usr/local/texlive/2014/texmf-dist/tex/generic/oberdiek/infwarerr.sty
Package: infwarerr 2010/04/08 v1.3 Providing info/warning/error messages (HO)
)
\LuT@AllocAttribute=\count277
\LuT@AllocCatcodeTable=\count278
\CatcodeTableStack=\count279
\CatcodeTableIniTeX=\catcodetable1
\CatcodeTableString=\catcodetable3
\CatcodeTableOther=\catcodetable5
\CatcodeTableLaTeX=\catcodetable7

(/usr/local/texlive/2014/texmf-dist/tex/generic/oberdiek/luatex-loader.sty
Package: luatex-loader 2010/03/09 v0.4 Lua module loader (HO)

(/usr/local/texlive/2014/texmf-dist/scripts/oberdiek/oberdiek.luatex.lua)))
(/usr/local/texlive/2014/texmf-dist/tex/luatex/luatexbase/luatexbase-compat.sty
Package: luatexbase-compat 2011/05/24 v0.4 Compatibility tools for LuaTeX
)
(/usr/local/texlive/2014/texmf-dist/tex/luatex/luatexbase/luatexbase-modutils.s
ty
Package: luatexbase-modutils 2013/05/11 v0.6 Module utilities for LuaTeX

(/usr/local/texlive/2014/texmf-dist/tex/luatex/luatexbase/luatexbase-loader.sty
Package: luatexbase-loader 2013/05/11 v0.6 Lua module loader for LuaTeX
(/usr/local/texlive/2014/texmf-dist/tex/luatex/luatexbase/luatexbase.loader.lua)
)
(/usr/local/texlive/2014/texmf-dist/tex/luatex/luatexbase/modutils.lua)
Lua module: luatexbase-modutils 2013/05/11 0.6 Module utilities for LuaTeX
)
(/usr/local/texlive/2014/texmf-dist/tex/luatex/luatexbase/luatexbase-regs.sty
Package: luatexbase-regs 2011/05/24 v0.4 Registers allocation for LuaTeX
)
(/usr/local/texlive/2014/texmf-dist/tex/luatex/luatexbase/luatexbase-attr.sty
Package: luatexbase-attr 2013/05/11 v0.6 Attributes allocation for LuaTeX

(/usr/local/texlive/2014/texmf-dist/tex/luatex/luatexbase/attr.lua)
Lua module: luatexbase-attr 2013/05/11 0.6 Attributes allocation for LuaTeX
\lltxb@attr@unsetvalue=\count280
)
(/usr/local/texlive/2014/texmf-dist/tex/luatex/luatexbase/luatexbase-cctb.sty
Package: luatexbase-cctb 2013/05/11 v0.6 Catcodetable allocation for LuaTeX

(/usr/local/texlive/2014/texmf-dist/tex/luatex/luatexbase/cctb.lua)
Lua module: luatexbase-cctb 2013/05/11 0.6 Catcodetable allocation for LuaTeX
\lltxb@catcodetable@alloc=\count281
\CatcodeTableStack=\count282
\CatcodeTableIniTeX=\luatexcatcodetable1
\CatcodeTableString=\luatexcatcodetable3
\CatcodeTableOther=\luatexcatcodetable5
\CatcodeTableLaTeX=\luatexcatcodetable7
\CatcodeTableLaTeXAtLetter=\luatexcatcodetable9
\CatcodeTableExpl=\luatexcatcodetable11
)
(/usr/local/texlive/2014/texmf-dist/tex/luatex/luatexbase/luatexbase-mcb.sty
Package: luatexbase-mcb 2013/05/11 v0.6 Callback management for LuaTeX

(/usr/local/texlive/2014/texmf-dist/tex/luatex/luatexbase/mcb.lua)
Lua module: luatexbase-mcb 2013/05/11 0.6 register several functions in a callba
ck
))
(/usr/local/texlive/2014/texmf-dist/tex/luatex/luaotfload/luaotfload-main.lua)
Lua module: luaotfload-main 2014/08/10 2.50003 OpenType layout system.

(/usr/local/texlive/2014/texmf-dist/tex/luatex/luaotfload/luaotfload-log.lua)
(/usr/local/texlive/2014/texmf-dist/tex/luatex/luaotfload/luaotfload-fontloader.
lua)(using write cache: /Users/sebastian/Library/texlive/2014/texmf-var/luatex-c
ache/generic)(using read cache: /usr/local/texlive/2014/texmf-var/luatex-cache/g
eneric /Users/sebastian/Library/texlive/2014/texmf-var/luatex-cache/generic)
luatexbase-attr: luatexbase.attributes["luaotfload@kernpair"] = 1
luatexbase-attr: luatexbase.attributes["luaotfload@ligacomp"] = 2
luatexbase-attr: luatexbase.attributes["luaotfload@markbase"] = 3
luatexbase-attr: luatexbase.attributes["luaotfload@markmark"] = 4
luatexbase-attr: luatexbase.attributes["luaotfload@markdone"] = 5
luatexbase-attr: luatexbase.attributes["luaotfload@cursbase"] = 6
luatexbase-attr: luatexbase.attributes["luaotfload@curscurs"] = 7
luatexbase-attr: luatexbase.attributes["luaotfload@cursdone"] = 8
luatexbase-attr: luatexbase.attributes["luaotfload@state"] = 9
luaotfload | main : fontloader loaded in 0.021 seconds
luatexbase-mcb: inserting 'luaotfload.node_processor'
at position 1 in 'pre_linebreak_filter'
luatexbase-mcb: inserting 'luaotfload.node_processor'
at position 1 in 'hpack_filter'
luatexbase-mcb: inserting 'luaotfload.find_vf_file'
at position 1 in 'find_vf_file'
(/usr/local/texlive/2014/texmf-dist/tex/luatex/luaotfload/luaotfload-override.lu
a)
(/usr/local/texlive/2014/texmf-dist/tex/luatex/luaotfload/luaotfload-parsers.lua
)
(/usr/local/texlive/2014/texmf-dist/tex/luatex/luaotfload/luaotfload-configurati
on.lua)
(/usr/local/texlive/2014/texmf-dist/tex/luatex/luaotfload/luaotfload-status.lua)
luaotfload | conf : Root cache directory is /Users/sebastian/Library/texlive/201
4/texmf-var/luatex-cache/generic/names.
(/usr/local/texlive/2014/texmf-dist/tex/luatex/luaotfload/luaotfload-loaders.lua
)
(/usr/local/texlive/2014/texmf-dist/tex/luatex/luaotfload/luaotfload-database.lu
a)
(/usr/local/texlive/2014/texmf-dist/tex/luatex/luaotfload/luaotfload-colors.lua)
luaotfload | conf : Root cache directory is /Users/sebastian/Library/texlive/201
4/texmf-var/luatex-cache/generic/names.
luatexbase-mcb: creating 'luaotfload.resolve_font' type 4
luatexbase-mcb: creating 'luaotfload.patch_font' type 4
luatexbase-mcb: resetting callback 'define_font'
luatexbase-mcb: inserting 'luaotfload.define_font'
at position 1 in 'define_font'
(/usr/local/texlive/2014/texmf-dist/tex/luatex/luaotfload/luaotfload-features.lu
a)
(/usr/local/texlive/2014/texmf-dist/tex/luatex/luaotfload/luaotfload-letterspace
.lua)
(/usr/local/texlive/2014/texmf-dist/tex/luatex/luaotfload/luaotfload-auxiliary.l
ua)
luatexbase-mcb: inserting 'luaotfload.aux.set_sscale_dimens'
at position 1 in 'luaotfload.patch_font'
luatexbase-mcb: inserting 'luaotfload.aux.patch_cambria_domh'
at position 2 in 'luaotfload.patch_font'
luatexbase-mcb: inserting 'luaotfload.aux.set_capheight'
at position 3 in 'luaotfload.patch_font'
luatexbase-mcb: inserting 'luaotfload.rewrite_fontname'
at position 4 in 'luaotfload.patch_font')
(/usr/local/texlive/2014/texmf-dist/tex/latex/fontspec/fontspec.lua)
Lua module: fontspec 2013/05/20 2.3c Advanced font selection for LuaLaTeX.
\l_fontspec_script_int=\count283
\l_fontspec_language_int=\count284
\l_fontspec_strnum_int=\count285
\l__fontspec_tmpa_dim=\dimen256
\l__fontspec_tmpb_dim=\dimen257
\l__fontspec_tmpc_dim=\dimen258
Variant \tl_gset:cV already defined; not changing it on line 71

(/usr/local/texlive/2014/texmf-dist/tex/latex/fontspec/fontspec-patches.sty
Package: fontspec-patches 2014/06/21 v2.4a Font selection for XeLaTeX and LuaLaT
eX
LaTeX Info: Redefining \em on input line 38.
LaTeX Info: Redefining \emph on input line 46.
LaTeX Info: Redefining \- on input line 49.
.................................................
. LaTeX info: "xparse/redefine-command"
. 
. Redefining command \oldstylenums with sig. 'm' on line 144.
.................................................
.................................................
. LaTeX info: "xparse/define-command"
. 
. Defining command \liningnums with sig. 'm' on line 148.
.................................................
)
(/usr/local/texlive/2014/texmf-dist/tex/latex/fontspec/fontspec-luatex.sty
Package: fontspec-luatex 2014/06/21 v2.4a Font selection for XeLaTeX and LuaLaTe
X

(/usr/local/texlive/2014/texmf-dist/tex/latex/base/fontenc.sty
Package: fontenc 2005/09/27 v1.99g Standard LaTeX package

(/usr/local/texlive/2014/texmf-dist/tex/latex/euenc/eu2enc.def
File: eu2enc.def 2010/05/27 v0.1h Experimental Unicode font encodings
)
LaTeX Font Info:    Try loading font information for EU2+lmr on input line 100.

(/usr/local/texlive/2014/texmf-dist/tex/latex/euenc/eu2lmr.fd
File: eu2lmr.fd 2009/10/30 v1.6 Font defs for Latin Modern
)
luaotfload | db : Font names database loaded from /Users/sebastian/Library/texli
ve/2014/texmf-var/luatex-cache/generic/names/luaotfload-names.luc(compiling luc:
 /usr/local/texlive/2014/texmf-var/luatex-cache/generic/fonts/otf/lmroman10-regu
lar.luc)(load luc: /Users/sebastian/Library/texlive/2014/texmf-var/luatex-cache/
generic/fonts/otf/lmroman10-regular.luc))
(/usr/local/texlive/2014/texmf-dist/tex/xelatex/xunicode/xunicode.sty
File: xunicode.sty 2011/09/09 v0.981 provides access to latin accents and many o
ther characters in Unicode lower plane

(/usr/local/texlive/2014/texmf-dist/tex/latex/tipa/t3enc.def
File: t3enc.def 2001/12/31 T3 encoding
(compiling luc: /usr/local/texlive/2014/texmf-var/luatex-cache/generic/fonts/otf
/lmromanslant10-regular.luc)(load luc: /Users/sebastian/Library/texlive/2014/tex
mf-var/luatex-cache/generic/fonts/otf/lmromanslant10-regular.luc)(compiling luc:
 /usr/local/texlive/2014/texmf-var/luatex-cache/generic/fonts/otf/lmroman10-ital
ic.luc)(load luc: /Users/sebastian/Library/texlive/2014/texmf-var/luatex-cache/g
eneric/fonts/otf/lmroman10-italic.luc)(compiling luc: /usr/local/texlive/2014/te
xmf-var/luatex-cache/generic/fonts/otf/lmroman10-bold.luc)(load luc: /Users/seba
stian/Library/texlive/2014/texmf-var/luatex-cache/generic/fonts/otf/lmroman10-bo
ld.luc)
LaTeX Font Info:    Try loading font information for EU2+lmss on input line 357.


(/usr/local/texlive/2014/texmf-dist/tex/latex/euenc/eu2lmss.fd
File: eu2lmss.fd 2009/10/30 v1.6 Font defs for Latin Modern
)(compiling luc: /usr/local/texlive/2014/texmf-var/luatex-cache/generic/fonts/ot
f/lmsans10-regular.luc)(load luc: /Users/sebastian/Library/texlive/2014/texmf-va
r/luatex-cache/generic/fonts/otf/lmsans10-regular.luc))
\tipaTiiicode=\count286
\tipasavetokens=\toks22
\tipachecktokens=\toks23

(/usr/local/texlive/2014/texmf-dist/tex/latex/graphics/graphicx.sty
Package: graphicx 2014/04/25 v1.0g Enhanced LaTeX Graphics (DPC,SPQR)

(/usr/local/texlive/2014/texmf-dist/tex/latex/graphics/keyval.sty
Package: keyval 2014/05/08 v1.15 key=value parser (DPC)
\KV@toks@=\toks24
)
(/usr/local/texlive/2014/texmf-dist/tex/latex/graphics/graphics.sty
Package: graphics 2009/02/05 v1.0o Standard LaTeX Graphics (DPC,SPQR)

(/usr/local/texlive/2014/texmf-dist/tex/latex/graphics/trig.sty
Package: trig 1999/03/16 v1.09 sin cos tan (DPC)
)
(/usr/local/texlive/2014/texmf-dist/tex/latex/latexconfig/graphics.cfg
File: graphics.cfg 2010/04/23 v1.9 graphics configuration of TeX Live
)
Package graphics Info: Driver file: pdftex.def on input line 91.

(/usr/local/texlive/2014/texmf-dist/tex/latex/pdftex-def/pdftex.def
File: pdftex.def 2011/05/27 v0.06d Graphics/color for pdfTeX

(/usr/local/texlive/2014/texmf-dist/tex/generic/oberdiek/ltxcmds.sty
Package: ltxcmds 2011/11/09 v1.22 LaTeX kernel commands for general use (HO)
)
(/usr/local/texlive/2014/texmf-dist/tex/generic/oberdiek/pdftexcmds.sty
Package: pdftexcmds 2011/11/29 v0.20 Utility functions of pdfTeX for LuaTeX (HO)

Package pdftexcmds Info: \pdf@primitive is available.
Package pdftexcmds Info: \pdf@ifprimitive is available.
Package pdftexcmds Info: \pdfdraftmode found.

(/usr/local/texlive/2014/texmf-dist/scripts/oberdiek/pdftexcmds.lua)
\pdftexcmds@toks=\toks25
)
\Gread@gobject=\count287
))
\Gin@req@height=\dimen259
\Gin@req@width=\dimen260
))
.................................................
. LaTeX info: "xparse/define-command"
. 
. Defining command \fontspec with sig. 'O{}mO{}' on line 44.
.................................................
.................................................
. LaTeX info: "xparse/define-command"
. 
. Defining command \setmainfont with sig. 'O{}mO{}' on line 50.
.................................................
.................................................
. LaTeX info: "xparse/define-command"
. 
. Defining command \setsansfont with sig. 'O{}mO{}' on line 56.
.................................................
.................................................
. LaTeX info: "xparse/define-command"
. 
. Defining command \setmonofont with sig. 'O{}mO{}' on line 62.
.................................................
.................................................
. LaTeX info: "xparse/define-command"
. 
. Defining command \setmathrm with sig. 'O{}mO{}' on line 71.
.................................................
.................................................
. LaTeX info: "xparse/define-command"
. 
. Defining command \setboldmathrm with sig. 'O{}mO{}' on line 75.
.................................................
.................................................
. LaTeX info: "xparse/define-command"
. 
. Defining command \setmathsf with sig. 'O{}mO{}' on line 79.
.................................................
.................................................
. LaTeX info: "xparse/define-command"
. 
. Defining command \setmathtt with sig. 'O{}mO{}' on line 83.
.................................................
.................................................
. LaTeX info: "xparse/define-command"
. 
. Defining command \newfontfamily with sig. 'mO{}mO{}' on line 102.
.................................................
.................................................
. LaTeX info: "xparse/define-command"
. 
. Defining command \newfontface with sig. 'mO{}mO{}' on line 106.
.................................................
.................................................
. LaTeX info: "xparse/define-command"
. 
. Defining command \defaultfontfeatures with sig. 't+om' on line 115.
.................................................
.................................................
. LaTeX info: "xparse/define-command"
. 
. Defining command \addfontfeatures with sig. 'm' on line 173.
.................................................
.................................................
. LaTeX info: "xparse/define-command"
. 
. Defining command \newfontfeature with sig. 'mm' on line 184.
.................................................
.................................................
. LaTeX info: "xparse/define-command"
. 
. Defining command \newAATfeature with sig. 'mmmm' on line 192.
.................................................
.................................................
. LaTeX info: "xparse/define-command"
. 
. Defining command \newopentypefeature with sig. 'mmm' on line 200.
.................................................
.................................................
. LaTeX info: "xparse/define-command"
. 
. Defining command \aliasfontfeature with sig. 'mm' on line 229.
.................................................
.................................................
. LaTeX info: "xparse/define-command"
. 
. Defining command \aliasfontfeatureoption with sig. 'mmm' on line 231.
.................................................
.................................................
. LaTeX info: "xparse/define-command"
. 
. Defining command \newfontscript with sig. 'mm' on line 236.
.................................................
.................................................
. LaTeX info: "xparse/define-command"
. 
. Defining command \newfontlanguage with sig. 'mm' on line 262.
.................................................
.................................................
. LaTeX info: "xparse/define-command"
. 
. Defining command \DeclareFontsExtensions with sig. 'm' on line 282.
.................................................
Variant \prop_gput:cnV already defined; not changing it on line 666
Variant \prop_gput:cnx already defined; not changing it on line 667
\l__fontspec_tmp_int=\count288
LaTeX Info: Redefining \itshape on input line 2117.
LaTeX Info: Redefining \slshape on input line 2122.
LaTeX Info: Redefining \scshape on input line 2127.
LaTeX Info: Redefining \upshape on input line 2132.

(/usr/local/texlive/2014/texmf-dist/tex/latex/fontspec/fontspec.cfg)))
(/usr/local/texlive/2014/texmf-dist/tex/latex/labels/labels.sty
Package: labels 2003/05/22 v.13
\LabelCols=\count289
\LabelRows=\count290
\LeftPageMargin=\dimen261
\RightPageMargin=\dimen262
\TopPageMargin=\dimen263
\BottomPageMargin=\dimen264
\InterLabelColumn=\dimen265
\InterLabelRow=\dimen266
\LeftLabelBorder=\dimen267
\RightLabelBorder=\dimen268
\TopLabelBorder=\dimen269
\BottomLabelBorder=\dimen270
\numberoflabels=\count291
\label@width=\dimen271
\label@height=\dimen272
\area@width=\dimen273
\area@height=\dimen274
\half@label=\dimen275
\half@area=\dimen276
\addr@width=\dimen277
\LabTmp=\dimen278
\this@label=\box256
\label@number=\count292
\skip@labels=\count293
\l@so@far=\count294
\LabelTotal=\count295
\@Milli=\count296
\sk@pped=\count297
)
\g__file_internal_ior=\read2
luaotfload | cache : Lookup cache loaded from /Users/sebastian/Library/texlive/2
014/texmf-var/luatex-cache/generic/names/luaotfload-lookup-cache.luc.
luaotfload | load : Lookup/name: "X-Scale" -> "x-scale-1.ttf"(compiling luc: /us
r/local/texlive/2014/texmf-var/luatex-cache/generic/fonts/otf/x-scale-1.luc)(loa
d luc: /Users/sebastian/Library/texlive/2014/texmf-var/luatex-cache/generic/font
s/otf/x-scale-1.luc)
luaotfload | load : Lookup/name: "X-Scale" -> "x-scale-1.ttf"
luaotfload | aux : font no 23 (Xscale) defines no feature for script latn
luaotfload | aux : no font with id 23
.................................................
. fontspec info: "no-scripts"
. 
. Font X-Scale does not contain any OpenType `Script' information.
.................................................
luaotfload | aux : font no 23 (Xscale) does not define feature onum for script  
with language 
luaotfload | aux : no font with id 23
*************************************************
* fontspec warning: "icu-feature-not-exist-in-font"
* 
* OpenType feature 'Numbers=OldStyle,Monospaced' (+onum) not available for
* font 'X-Scale' with script '' and language ''.
*************************************************
luaotfload | aux : font no 23 (Xscale) does not define feature tnum for script  
with language 
luaotfload | aux : no font with id 23
*************************************************
* fontspec warning: "icu-feature-not-exist-in-font"
* 
* OpenType feature 'Numbers=OldStyle,Monospaced' (+tnum) not available for
* font 'X-Scale' with script '' and language ''.
*************************************************
\g__fontspec_family_X-Scale_int=\count298
luaotfload | load : Lookup/name: "X-Scale" -> "x-scale-1.ttf"
luaotfload | load : Lookup/name: "X-Scale" -> "x-scale-1.ttf"
.................................................
. fontspec info: "no-font-shape"
. 
. Could not resolve font X-Scale/BI (it probably doesn't exist).
.................................................
luaotfload | load : Lookup/name: "X-Scale" -> "x-scale-1.ttf"
luaotfload | load : Lookup/name: "X-Scale" -> "x-scale-1.ttf"
.................................................
. fontspec info: "no-font-shape"
. 
. Could not resolve font X-Scale/B (it probably doesn't exist).
.................................................
luaotfload | load : Lookup/name: "X-Scale" -> "x-scale-1.ttf"
luaotfload | load : Lookup/name: "X-Scale" -> "x-scale-1.ttf"
.................................................
. fontspec info: "no-font-shape"
. 
. Could not resolve font X-Scale/I (it probably doesn't exist).
.................................................
luaotfload | load : Lookup/name: "X-Scale" -> "x-scale-1.ttf"
luaotfload | load : Lookup/name: "X-Scale" -> "x-scale-1.ttf"
luaotfload | aux : font no 23 (Xscale) does not define feature onum for script  
with language 
luaotfload | aux : no font with id 23
*************************************************
* fontspec warning: "icu-feature-not-exist-in-font"
* 
* OpenType feature 'Numbers=OldStyle,Monospaced' (+onum) not available for
* font 'X-Scale' with script '' and language ''.
*************************************************
luaotfload | aux : font no 23 (Xscale) does not define feature tnum for script  
with language 
luaotfload | aux : no font with id 23
*************************************************
* fontspec warning: "icu-feature-not-exist-in-font"
* 
* OpenType feature 'Numbers=OldStyle,Monospaced' (+tnum) not available for
* font 'X-Scale' with script '' and language ''.
*************************************************
luaotfload | aux : font no 23 (Xscale) does not define feature smcp for script  
with language 
luaotfload | aux : no font with id 23
.................................................
. fontspec info: "defining-font"
. 
. Font family 'X-Scale(0)' created for font 'X-Scale' with options
. [Ligatures=TeX,Numbers={OldStyle,Monospaced}].
. 
. This font family consists of the following shapes:
. 
. * 'normal' with NFSS spec.:
. <->"X-Scale:mode=node;+tlig;+trep;"
. 
. * 'small caps' with NFSS spec.:
. 
. and font adjustment code:
. 
.................................................
luaotfload | load : Lookup/name: "X-Scale" -> "x-scale-1.ttf" (./labels.aux)
LaTeX Font Info:    Checking defaults for OML/cmm/m/it on input line 22.
LaTeX Font Info:    ... okay on input line 22.
LaTeX Font Info:    Checking defaults for T1/cmr/m/n on input line 22.
LaTeX Font Info:    ... okay on input line 22.
LaTeX Font Info:    Checking defaults for OT1/cmr/m/n on input line 22.
LaTeX Font Info:    ... okay on input line 22.
LaTeX Font Info:    Checking defaults for OMS/cmsy/m/n on input line 22.
LaTeX Font Info:    ... okay on input line 22.
LaTeX Font Info:    Checking defaults for OMX/cmex/m/n on input line 22.
LaTeX Font Info:    ... okay on input line 22.
LaTeX Font Info:    Checking defaults for U/cmr/m/n on input line 22.
LaTeX Font Info:    ... okay on input line 22.
LaTeX Font Info:    Checking defaults for EU2/lmr/m/n on input line 22.
LaTeX Font Info:    ... okay on input line 22.
LaTeX Font Info:    Checking defaults for T3/cmr/m/n on input line 22.
LaTeX Font Info:    Try loading font information for T3+cmr on input line 22.
 (/usr/local/texlive/2014/texmf-dist/tex/latex/tipa/t3cmr.fd
File: t3cmr.fd 2001/12/31 TIPA font definitions
)
LaTeX Font Info:    ... okay on input line 22.

(/usr/local/texlive/2014/texmf-dist/tex/context/base/supp-pdf.mkii
[Loading MPS to PDF converter (version 2006.09.02).]
\scratchcounter=\count299
\scratchdimen=\dimen279
\scratchbox=\box257
\nofMPsegments=\count300
\nofMParguments=\count301
\everyMPshowfont=\toks26
\MPscratchCnt=\count302
\MPscratchDim=\dimen280
\MPnumerator=\count303
\makeMPintoPDFobject=\count304
\everyMPtoPDFconversion=\toks27
) (/usr/local/texlive/2014/texmf-dist/tex/latex/oberdiek/epstopdf-base.sty
Package: epstopdf-base 2010/02/09 v2.5 Base part for package epstopdf

(/usr/local/texlive/2014/texmf-dist/tex/latex/oberdiek/grfext.sty
Package: grfext 2010/08/19 v1.1 Manage graphics extensions (HO)

(/usr/local/texlive/2014/texmf-dist/tex/generic/oberdiek/kvdefinekeys.sty
Package: kvdefinekeys 2011/04/07 v1.3 Define keys (HO)
))
(/usr/local/texlive/2014/texmf-dist/tex/latex/oberdiek/kvoptions.sty
Package: kvoptions 2011/06/30 v3.11 Key value format for package options (HO)

(/usr/local/texlive/2014/texmf-dist/tex/generic/oberdiek/kvsetkeys.sty
Package: kvsetkeys 2012/04/25 v1.16 Key value parser (HO)

(/usr/local/texlive/2014/texmf-dist/tex/generic/oberdiek/etexcmds.sty
Package: etexcmds 2011/02/16 v1.5 Avoid name clashes with e-TeX commands (HO)
)))
Package grfext Info: Graphics extension search list:
(grfext)             [.png,.pdf,.jpg,.mps,.jpeg,.jbig2,.jb2,.PNG,.PDF,.JPG,.JPEG
,.JBIG2,.JB2,.eps]
(grfext)             \AppendGraphicsExtensions on input line 452.

(/usr/local/texlive/2014/texmf-dist/tex/latex/latexconfig/epstopdf-sys.cfg
File: epstopdf-sys.cfg 2010/07/13 v1.3 Configuration of (r)epstopdf for TeX Live

))
.................................................
. fontspec info: "setup-math"
. 
. Adjusting the maths setup (use [no-math] to avoid this).
.................................................
\symlegacymaths=\mathgroup4
LaTeX Font Info:    Overwriting symbol font `legacymaths' in version `bold'
(Font)                  OT1/cmr/m/n --> OT1/cmr/bx/n on input line 22.
LaTeX Font Info:    Redeclaring math accent \acute on input line 22.
LaTeX Font Info:    Redeclaring math accent \grave on input line 22.
LaTeX Font Info:    Redeclaring math accent \ddot on input line 22.
LaTeX Font Info:    Redeclaring math accent \tilde on input line 22.
LaTeX Font Info:    Redeclaring math accent \bar on input line 22.
LaTeX Font Info:    Redeclaring math accent \breve on input line 22.
LaTeX Font Info:    Redeclaring math accent \check on input line 22.
LaTeX Font Info:    Redeclaring math accent \hat on input line 22.
LaTeX Font Info:    Redeclaring math accent \dot on input line 22.
LaTeX Font Info:    Redeclaring math accent \mathring on input line 22.
LaTeX Font Info:    Redeclaring math symbol \colon on input line 22.
LaTeX Font Info:    Redeclaring math symbol \Gamma on input line 22.
LaTeX Font Info:    Redeclaring math symbol \Delta on input line 22.
LaTeX Font Info:    Redeclaring math symbol \Theta on input line 22.
LaTeX Font Info:    Redeclaring math symbol \Lambda on input line 22.
LaTeX Font Info:    Redeclaring math symbol \Xi on input line 22.
LaTeX Font Info:    Redeclaring math symbol \Pi on input line 22.
LaTeX Font Info:    Redeclaring math symbol \Sigma on input line 22.
LaTeX Font Info:    Redeclaring math symbol \Upsilon on input line 22.
LaTeX Font Info:    Redeclaring math symbol \Phi on input line 22.
LaTeX Font Info:    Redeclaring math symbol \Psi on input line 22.
LaTeX Font Info:    Redeclaring math symbol \Omega on input line 22.
LaTeX Font Info:    Redeclaring math symbol \mathdollar on input line 22.
LaTeX Font Info:    Redeclaring symbol font `operators' on input line 22.
LaTeX Font Info:    Encoding `OT1' has changed to `EU2' for symbol font
(Font)              `operators' in the math version `normal' on input line 22.
LaTeX Font Info:    Overwriting symbol font `operators' in version `normal'
(Font)                  OT1/cmr/m/n --> EU2/X-Scale(0)/m/n on input line 22.
LaTeX Font Info:    Encoding `OT1' has changed to `EU2' for symbol font
(Font)              `operators' in the math version `bold' on input line 22.
LaTeX Font Info:    Overwriting symbol font `operators' in version `bold'
(Font)                  OT1/cmr/bx/n --> EU2/X-Scale(0)/m/n on input line 22.
LaTeX Font Info:    Overwriting symbol font `operators' in version `normal'
(Font)                  EU2/X-Scale(0)/m/n --> EU2/X-Scale(0)/m/n on input line 
22.
LaTeX Font Info:    Overwriting math alphabet `\mathit' in version `normal'
(Font)                  OT1/cmr/m/it --> EU2/X-Scale(0)/m/it on input line 22.
LaTeX Font Info:    Overwriting math alphabet `\mathbf' in version `normal'
(Font)                  OT1/cmr/bx/n --> EU2/X-Scale(0)/bx/n on input line 22.
LaTeX Font Info:    Overwriting math alphabet `\mathsf' in version `normal'
(Font)                  OT1/cmss/m/n --> EU2/lmss/m/n on input line 22.
LaTeX Font Info:    Overwriting math alphabet `\mathtt' in version `normal'
(Font)                  OT1/cmtt/m/n --> EU2/lmtt/m/n on input line 22.
LaTeX Font Info:    Overwriting symbol font `operators' in version `bold'
(Font)                  EU2/X-Scale(0)/m/n --> EU2/X-Scale(0)/bx/n on input line
 22.
LaTeX Font Info:    Overwriting math alphabet `\mathit' in version `bold'
(Font)                  OT1/cmr/bx/it --> EU2/X-Scale(0)/bx/it on input line 22.

LaTeX Font Info:    Overwriting math alphabet `\mathsf' in version `bold'
(Font)                  OT1/cmss/bx/n --> EU2/lmss/bx/n on input line 22.
LaTeX Font Info:    Overwriting math alphabet `\mathtt' in version `bold'
(Font)                  OT1/cmtt/m/n --> EU2/lmtt/bx/n on input line 22.

To print info, put `\LabelInfotrue' in the preamble
luaotfload | load : Lookup/name: "X-Scale" -> "x-scale-1.ttf"
luaotfload | load : Lookup/name: "X-Scale" -> "x-scale-1.ttf"
LaTeX Font Info:    External font `cmex10' loaded for size
(Font)              <7> on input line 38.
LaTeX Font Info:    External font `cmex10' loaded for size
(Font)              <5> on input line 38.
<trafotron.png, id=1, 451.6875pt x 451.6875pt>
File: trafotron.png Graphic file (type png)
 <use trafotron.png>
Package pdftex.def Info: trafotron.png used on input line 38.
(pdftex.def)             Requested size: 148.0pt x 148.00282pt.
luaotfload | load : Lookup/name: "X-Scale" -> "x-scale-1.ttf"

LaTeX Font Warning: Font shape `EU2/X-Scale(0)/m/sc' undefined
(Font)              using `EU2/X-Scale(0)/m/n' instead on input line 38.

+ <c-info.png, id=2, 451.6875pt x 451.6875pt>
File: c-info.png Graphic file (type png)
 <use c-info.png>
Package pdftex.def Info: c-info.png used on input line 54.
(pdftex.def)             Requested size: 148.0pt x 148.00282pt.
luaotfload | load : Lookup/name: "X-Scale" -> "x-scale-1.ttf" +
<querschnitt.png, id=3, 491.8375pt x 491.8375pt>
File: querschnitt.png Graphic file (type png)
 <use querschnitt.png>
Package pdftex.def Info: querschnitt.png used on input line 70.
(pdftex.def)             Requested size: 148.0pt x 147.99516pt.
 +
<hardware-lager.png, id=4, 491.8375pt x 491.8375pt>
File: hardware-lager.png Graphic file (type png)
 <use hardware-lager.png>
Package pdftex.def Info: hardware-lager.png used on input line 86.
(pdftex.def)             Requested size: 148.0pt x 147.99516pt.

[1

{/usr/local/texlive/2014/texmf-var/fonts/map/pdftex/updmap/pdftex.map}<./trafotr
on.png><./c-info.png>] + <c-traenke.png, id=11, 451.6875pt x 451.6875pt>
File: c-traenke.png Graphic file (type png)

<use c-traenke.png>
Package pdftex.def Info: c-traenke.png used on input line 102.
(pdftex.def)             Requested size: 148.0pt x 148.00282pt.
 + | [2<./querschnitt.png><./hardware-lager.png>]
<sonstwas.png, id=15, 451.6875pt x 451.6875pt>
File: sonstwas.png Graphic file (type png)
 <use sonstwas.png>
Package pdftex.def Info: sonstwas.png used on input line 118.
(pdftex.def)             Requested size: 148.0pt x 148.00282pt.
 +
<vj-und-coundpult.png, id=16, 491.8375pt x 491.8375pt>
File: vj-und-coundpult.png Graphic file (type png)

<use vj-und-coundpult.png>
Package pdftex.def Info: vj-und-coundpult.png used on input line 134.
(pdftex.def)             Requested size: 148.0pt x 147.99516pt.
 +
<kelas-lieblingsalien.png, id=17, 491.8375pt x 491.8375pt>
File: kelas-lieblingsalien.png Graphic file (type png)

<use kelas-lieblingsalien.png>
Package pdftex.def Info: kelas-lieblingsalien.png used on input line 150.
(pdftex.def)             Requested size: 148.0pt x 147.99516pt.
 [3<./c-traenke.png><./sonstwas.png>] +
<getraenkelager-schloss.png, id=21, 491.8375pt x 491.8375pt>
File: getraenkelager-schloss.png Graphic file (type png)

<use getraenkelager-schloss.png>
Package pdftex.def Info: getraenkelager-schloss.png used on input line 166.
(pdftex.def)             Requested size: 148.0pt x 147.99516pt.

Overfull \hbox (23.53178pt too wide) in paragraph at lines 166--166
 \EU2/X-Scale(0)/m/sc/20.74 getraenkelager- 
 []


Package labels Warning: Label too tall by 2mm (6.03482pt) on input line 166.

+ <ps3-caefig.png, id=22, 451.6875pt x 451.6875pt>
File: ps3-caefig.png Graphic file (type png)
 <use ps3-caefig.png>
Package pdftex.def Info: ps3-caefig.png used on input line 182.
(pdftex.def)             Requested size: 148.0pt x 148.00282pt.

[4<./vj-und-coundpult.png><./kelas-lieblingsalien.png>] + |
<cultorgabruecce.png, id=26, 491.8375pt x 491.8375pt>
File: cultorgabruecce.png Graphic file (type png)

<use cultorgabruecce.png>
Package pdftex.def Info: cultorgabruecce.png used on input line 198.
(pdftex.def)             Requested size: 148.0pt x 147.99516pt.
 [5<./getraenkelager-schloss.png><./ps3-caefig.png>]
+ <alien-alarm.png, id=30, 491.8375pt x 491.8375pt>
File: alien-alarm.png Graphic file (type png)
 <use alien-alarm.png>
Package pdftex.def Info: alien-alarm.png used on input line 214.
(pdftex.def)             Requested size: 148.0pt x 147.99516pt.
 +
<buchscann0r.png, id=31, 491.8375pt x 491.8375pt>
File: buchscann0r.png Graphic file (type png)
 <use buchscann0r.png>
Package pdftex.def Info: buchscann0r.png used on input line 230.
(pdftex.def)             Requested size: 148.0pt x 147.99516pt.
 +
<gehirnwellenscann0r.png, id=32, 491.8375pt x 491.8375pt>
File: gehirnwellenscann0r.png Graphic file (type png)

<use gehirnwellenscann0r.png>
Package pdftex.def Info: gehirnwellenscann0r.png used on input line 246.
(pdftex.def)             Requested size: 148.0pt x 147.99516pt.
 [6<./cultorgabruecce.png><./alien-alarm.png>] +
<bar.png, id=36, 451.6875pt x 451.6875pt>
File: bar.png Graphic file (type png)
 <use bar.png>
Package pdftex.def Info: bar.png used on input line 262.
(pdftex.def)             Requested size: 148.0pt x 148.00282pt.
 + | [7<./buchscann0r.png><./gehirnwellenscann0r.png>] <precci.png, id=40, 451.
6875pt x 451.6875pt>
File: precci.png Graphic file (type png)

<use precci.png>
Package pdftex.def Info: precci.png used on input line 278.
(pdftex.def)             Requested size: 148.0pt x 148.00282pt.
 + <alienverbotsschild.png, id=41, 491.8375pt x 491.8375pt>
File: alienverbotsschild.png Graphic file (type png)

<use alienverbotsschild.png>
Package pdftex.def Info: alienverbotsschild.png used on input line 294.
(pdftex.def)             Requested size: 148.0pt x 147.99516pt.
 +
<mame-o-mat.png, id=42, 451.6875pt x 451.6875pt>
File: mame-o-mat.png Graphic file (type png)
 <use mame-o-mat.png>
Package pdftex.def Info: mame-o-mat.png used on input line 310.
(pdftex.def)             Requested size: 148.0pt x 148.00282pt.
 [8<./bar.png><./precci.png>] + <clotuer.png, id=46, 451.6875pt x 451.6875pt>
File: clotuer.png Graphic file (type png)

<use clotuer.png>
Package pdftex.def Info: clotuer.png used on input line 326.
(pdftex.def)             Requested size: 148.0pt x 148.00282pt.
 +
<aliensecuritysecurityalien.png, id=47, 531.9875pt x 531.9875pt>
File: aliensecuritysecurityalien.png Graphic file (type png)

<use aliensecuritysecurityalien.png>
Package pdftex.def Info: aliensecuritysecurityalien.png used on input line 342.
(pdftex.def)             Requested size: 148.0pt x 147.99762pt.
 [9<./alienverbotsschild.png><./mame-o-mat.png>] + | <soundlab.png, id=51, 451.
6875pt x 451.6875pt>
File: soundlab.png Graphic file (type png)
 <use soundlab.png>
Package pdftex.def Info: soundlab.png used on input line 358.
(pdftex.def)             Requested size: 148.0pt x 148.00282pt.

[10<./clotuer.png><./aliensecuritysecurityalien.png>] +
<tuerclingel.png, id=55, 491.8375pt x 491.8375pt>
File: tuerclingel.png Graphic file (type png)
 <use tuerclingel.png>
Package pdftex.def Info: tuerclingel.png used on input line 374.
(pdftex.def)             Requested size: 148.0pt x 147.99516pt.
 +
<librarium.png, id=56, 451.6875pt x 451.6875pt>
File: librarium.png Graphic file (type png)
 <use librarium.png>
Package pdftex.def Info: librarium.png used on input line 390.
(pdftex.def)             Requested size: 148.0pt x 148.00282pt.
 +
<sezierbesteck.png, id=57, 491.8375pt x 491.8375pt>
File: sezierbesteck.png Graphic file (type png)
 <use sezierbesteck.png>
Package pdftex.def Info: sezierbesteck.png used on input line 406.
(pdftex.def)             Requested size: 148.0pt x 147.99516pt.

[11<./soundlab.png><./tuerclingel.png>] +
<c-lab.png, id=62, 451.6875pt x 451.6875pt>
File: c-lab.png Graphic file (type png)
 <use c-lab.png>
Package pdftex.def Info: c-lab.png used on input line 422.
(pdftex.def)             Requested size: 148.0pt x 148.00282pt.
 + | [12<./librarium.png><./sezierbesteck.png>] <seminarraum.png, id=66, 491.83
75pt x 491.8375pt>
File: seminarraum.png Graphic file (type png)

<use seminarraum.png>
Package pdftex.def Info: seminarraum.png used on input line 438.
(pdftex.def)             Requested size: 148.0pt x 147.99516pt.
 + <c-beam.png, id=67, 451.6875pt x 451.6875pt>
File: c-beam.png Graphic file (type png)

<use c-beam.png>
Package pdftex.def Info: c-beam.png used on input line 454.
(pdftex.def)             Requested size: 148.0pt x 148.00282pt.
 + <c-leuse.png, id=68, 451.6875pt x 451.6875pt>
File: c-leuse.png Graphic file (type png)

<use c-leuse.png>
Package pdftex.def Info: c-leuse.png used on input line 470.
(pdftex.def)             Requested size: 148.0pt x 148.00282pt.
 [13<./c-lab.png><./seminarraum.png>] +
<wercstatt-loch.png, id=72, 491.8375pt x 491.8375pt>
File: wercstatt-loch.png Graphic file (type png)
 <use wercstatt-loch.png>
Package pdftex.def Info: wercstatt-loch.png used on input line 486.
(pdftex.def)             Requested size: 148.0pt x 147.99516pt.

+ <atari-kasse.png, id=73, 491.8375pt x 491.8375pt>
File: atari-kasse.png Graphic file (type png)
 <use atari-kasse.png>
Package pdftex.def Info: atari-kasse.png used on input line 502.
(pdftex.def)             Requested size: 148.0pt x 147.99516pt.

[14<./c-beam.png><./c-leuse.png>] + |
<t-shirt-aliens.png, id=77, 491.8375pt x 491.8375pt>
File: t-shirt-aliens.png Graphic file (type png)
 <use t-shirt-aliens.png>
Package pdftex.def Info: t-shirt-aliens.png used on input line 518.
(pdftex.def)             Requested size: 148.0pt x 147.99516pt.

[15<./wercstatt-loch.png><./atari-kasse.png>] +
<karmacounter.png, id=81, 491.8375pt x 491.8375pt>
File: karmacounter.png Graphic file (type png)
 <use karmacounter.png>
Package pdftex.def Info: karmacounter.png used on input line 534.
(pdftex.def)             Requested size: 148.0pt x 147.99516pt.
 +
<transportercammer.png, id=82, 491.8375pt x 491.8375pt>
File: transportercammer.png Graphic file (type png)

<use transportercammer.png>
Package pdftex.def Info: transportercammer.png used on input line 550.
(pdftex.def)             Requested size: 148.0pt x 147.99516pt.
 + <nerd-area.png, id=83, 451.6875pt x 451.6875pt>
File: nerd-area.png Graphic file (type png)

<use nerd-area.png>
Package pdftex.def Info: nerd-area.png used on input line 566.
(pdftex.def)             Requested size: 148.0pt x 148.00282pt.
 [16<./t-shirt-aliens.png><./karmacounter.png>] +
<waffenlager.png, id=87, 491.8375pt x 491.8375pt>
File: waffenlager.png Graphic file (type png)
 <use waffenlager.png>
Package pdftex.def Info: waffenlager.png used on input line 582.
(pdftex.def)             Requested size: 148.0pt x 147.99516pt.
 + |
[17<./transportercammer.png><./nerd-area.png>]
<vhsrecorder.png, id=91, 491.8375pt x 491.8375pt>
File: vhsrecorder.png Graphic file (type png)
 <use vhsrecorder.png>
Package pdftex.def Info: vhsrecorder.png used on input line 598.
(pdftex.def)             Requested size: 148.0pt x 147.99516pt.
 +
<barceepr.png, id=92, 451.6875pt x 451.6875pt>
File: barceepr.png Graphic file (type png)
 <use barceepr.png>
Package pdftex.def Info: barceepr.png used on input line 614.
(pdftex.def)             Requested size: 148.0pt x 148.00282pt.
 +
<wercstatt.png, id=93, 451.6875pt x 451.6875pt>
File: wercstatt.png Graphic file (type png)
 <use wercstatt.png>
Package pdftex.def Info: wercstatt.png used on input line 630.
(pdftex.def)             Requested size: 148.0pt x 148.00282pt.
 [18<./waffenlager.png><./vhsrecorder.png>] + <cand.png, id=97, 451.6875pt x 45
1.6875pt>
File: cand.png Graphic file (type png)

<use cand.png>
Package pdftex.def Info: cand.png used on input line 646.
(pdftex.def)             Requested size: 148.0pt x 148.00282pt.
 + <holodeck.png, id=98, 451.6875pt x 451.6875pt>
File: holodeck.png Graphic file (type png)

<use holodeck.png>
Package pdftex.def Info: holodeck.png used on input line 662.
(pdftex.def)             Requested size: 148.0pt x 148.00282pt.
 [19<./barceepr.png><./wercstatt.png>] + |
<911alternativversion.png, id=102, 491.8375pt x 491.8375pt>
File: 911alternativversion.png Graphic file (type png)

<use 911alternativversion.png>
Package pdftex.def Info: 911alternativversion.png used on input line 678.
(pdftex.def)             Requested size: 148.0pt x 147.99516pt.
 [20<./cand.png><./holodeck.png>] +
<hochfrequenzc-allduc-en.png, id=106, 491.8375pt x 491.8375pt>
File: hochfrequenzc-allduc-en.png Graphic file (type png)

<use hochfrequenzc-allduc-en.png>
Package pdftex.def Info: hochfrequenzc-allduc-en.png used on input line 694.
(pdftex.def)             Requested size: 148.0pt x 147.99516pt.


Package labels Warning: Label too tall by 2mm (6.03482pt) on input line 694.

+ <biohazard-butterfly.png, id=107, 491.8375pt x 491.8375pt>
File: biohazard-butterfly.png Graphic file (type png)

<use biohazard-butterfly.png>
Package pdftex.def Info: biohazard-butterfly.png used on input line 710.
(pdftex.def)             Requested size: 148.0pt x 147.99516pt.
 +
<raum-ceit-loch.png, id=108, 491.8375pt x 491.8375pt>
File: raum-ceit-loch.png Graphic file (type png)
 <use raum-ceit-loch.png>
Package pdftex.def Info: raum-ceit-loch.png used on input line 726.
(pdftex.def)             Requested size: 148.0pt x 147.99516pt.

[21<./911alternativversion.png><./hochfrequenzc-allduc-en.png>] +
<public-terminal.png, id=113, 491.8375pt x 491.8375pt>
File: public-terminal.png Graphic file (type png)

<use public-terminal.png>
Package pdftex.def Info: public-terminal.png used on input line 742.
(pdftex.def)             Requested size: 148.0pt x 147.99516pt.
 + | [22<./biohazard-butterfly.png><./raum-ceit-loch.png>] <ctaender.png, id=11
7, 451.6875pt x 451.6875pt>
File: ctaender.png Graphic file (type png)
 <use ctaender.png>
Package pdftex.def Info: ctaender.png used on input line 758.
(pdftex.def)             Requested size: 148.0pt x 148.00282pt.
 +
<robolab.png, id=118, 451.6875pt x 451.6875pt>
File: robolab.png Graphic file (type png)
 <use robolab.png>
Package pdftex.def Info: robolab.png used on input line 774.
(pdftex.def)             Requested size: 148.0pt x 148.00282pt.
 +
<eincelplatz-cemenate.png, id=119, 491.8375pt x 491.8375pt>
File: eincelplatz-cemenate.png Graphic file (type png)

<use eincelplatz-cemenate.png>
Package pdftex.def Info: eincelplatz-cemenate.png used on input line 790.
(pdftex.def)             Requested size: 148.0pt x 147.99516pt.
 [23<./public-terminal.png><./ctaender.png>] +
<weltenbaulabor.png, id=123, 491.8375pt x 491.8375pt>
File: weltenbaulabor.png Graphic file (type png)
 <use weltenbaulabor.png>
Package pdftex.def Info: weltenbaulabor.png used on input line 806.
(pdftex.def)             Requested size: 148.0pt x 147.99516pt.

+ <analoges-archiv.png, id=124, 491.8375pt x 491.8375pt>
File: analoges-archiv.png Graphic file (type png)

<use analoges-archiv.png>
Package pdftex.def Info: analoges-archiv.png used on input line 822.
(pdftex.def)             Requested size: 148.0pt x 147.99516pt.
 [24<./robolab.png><./eincelplatz-cemenate.png>] + |
<matelight.png, id=128, 451.6875pt x 451.6875pt>
File: matelight.png Graphic file (type png)
 <use matelight.png>
Package pdftex.def Info: matelight.png used on input line 838.
(pdftex.def)             Requested size: 148.0pt x 148.00282pt.
 [25<./weltenbaulabor.png><./analoges-archiv.png>] +
<weltraummosaic.png, id=132, 491.8375pt x 491.8375pt>
File: weltraummosaic.png Graphic file (type png)
 <use weltraummosaic.png>
Package pdftex.def Info: weltraummosaic.png used on input line 854.
(pdftex.def)             Requested size: 148.0pt x 147.99516pt.

+ <arboretum.png, id=133, 451.6875pt x 451.6875pt>
File: arboretum.png Graphic file (type png)
 <use arboretum.png>
Package pdftex.def Info: arboretum.png used on input line 870.
(pdftex.def)             Requested size: 148.0pt x 148.00282pt.
 +
<cpinde.png, id=134, 451.6875pt x 451.6875pt>
File: cpinde.png Graphic file (type png)
 <use cpinde.png>
Package pdftex.def Info: cpinde.png used on input line 886.
(pdftex.def)             Requested size: 148.0pt x 148.00282pt.
 [26<./matelight.png><./weltraummosaic.png>] + <rep-rap.png, id=138, 451.6875pt
 x 451.6875pt>
File: rep-rap.png Graphic file (type png)

<use rep-rap.png>
Package pdftex.def Info: rep-rap.png used on input line 902.
(pdftex.def)             Requested size: 148.0pt x 148.00282pt.
 + | [27<./arboretum.png><./cpinde.png>]
<vhsplayer.png, id=142, 451.6875pt x 451.6875pt>
File: vhsplayer.png Graphic file (type png)
 <use vhsplayer.png>
Package pdftex.def Info: vhsplayer.png used on input line 918.
(pdftex.def)             Requested size: 148.0pt x 148.00282pt.
 +
<millenium-falcon.png, id=143, 491.8375pt x 491.8375pt>
File: millenium-falcon.png Graphic file (type png)

<use millenium-falcon.png>
Package pdftex.def Info: millenium-falcon.png used on input line 934.
(pdftex.def)             Requested size: 148.0pt x 147.99516pt.
 + <duc-e.png, id=144, 451.6875pt x 451.6875pt>
File: duc-e.png Graphic file (type png)

<use duc-e.png>
Package pdftex.def Info: duc-e.png used on input line 950.
(pdftex.def)             Requested size: 148.0pt x 148.00282pt.
 [28<./rep-rap.png><./vhsplayer.png>] +
<he1.png, id=148, 451.6875pt x 451.6875pt>
File: he1.png Graphic file (type png)
 <use he1.png>
Package pdftex.def Info: he1.png used on input line 966.
(pdftex.def)             Requested size: 148.0pt x 148.00282pt.
 +
<notaucgang.png, id=149, 451.6875pt x 451.6875pt>
File: notaucgang.png Graphic file (type png)
 <use notaucgang.png>
Package pdftex.def Info: notaucgang.png used on input line 982.
(pdftex.def)             Requested size: 148.0pt x 148.00282pt.
 [29<./millenium-falcon.png><./duc-e.png>] + |
<bar-ctatus-anzeige-element.png, id=153, 531.9875pt x 531.9875pt>
File: bar-ctatus-anzeige-element.png Graphic file (type png)

<use bar-ctatus-anzeige-element.png>
Package pdftex.def Info: bar-ctatus-anzeige-element.png used on input line 998.
(pdftex.def)             Requested size: 148.0pt x 147.99762pt.
 [30<./he1.png><./notaucgang.png>]

Package labels Warning: Label too tall by 2mm (6.03726pt) on input line 998.

+ <mtc.png, id=157, 451.6875pt x 451.6875pt>
File: mtc.png Graphic file (type png)
 <use mtc.png>
Package pdftex.def Info: mtc.png used on input line 1014.
(pdftex.def)             Requested size: 148.0pt x 148.00282pt.
 +
<spendenschlund.png, id=158, 491.8375pt x 491.8375pt>
File: spendenschlund.png Graphic file (type png)
 <use spendenschlund.png>
Package pdftex.def Info: spendenschlund.png used on input line 1030.
(pdftex.def)             Requested size: 148.0pt x 147.99516pt.

+ <bru-cce.png, id=159, 451.6875pt x 451.6875pt>
File: bru-cce.png Graphic file (type png)
 <use bru-cce.png>
Package pdftex.def Info: bru-cce.png used on input line 1046.
(pdftex.def)             Requested size: 148.0pt x 148.00282pt.
 [31<./bar-ctatus-anzeige-element.png><./mtc.png>] +
<caugc-melce.png, id=164, 491.8375pt x 491.8375pt>
File: caugc-melce.png Graphic file (type png)
 <use caugc-melce.png>
Package pdftex.def Info: caugc-melce.png used on input line 1062.
(pdftex.def)             Requested size: 148.0pt x 147.99516pt.
 + |
[32<./spendenschlund.png><./bru-cce.png>]
<symbiont.png, id=168, 451.6875pt x 451.6875pt>
File: symbiont.png Graphic file (type png)
 <use symbiont.png>
Package pdftex.def Info: symbiont.png used on input line 1078.
(pdftex.def)             Requested size: 148.0pt x 148.00282pt.
 +
<hyperblast.png, id=169, 451.6875pt x 451.6875pt>
File: hyperblast.png Graphic file (type png)
 <use hyperblast.png>
Package pdftex.def Info: hyperblast.png used on input line 1094.
(pdftex.def)             Requested size: 148.0pt x 148.00282pt.
 +
<spacec-long.png, id=170, 491.8375pt x 491.8375pt>
File: spacec-long.png Graphic file (type png)
 <use spacec-long.png>
Package pdftex.def Info: spacec-long.png used on input line 1110.
(pdftex.def)             Requested size: 148.0pt x 147.99516pt.

[33<./caugc-melce.png><./symbiont.png>] +
<handscanner.png, id=174, 491.8375pt x 491.8375pt>
File: handscanner.png Graphic file (type png)
 <use handscanner.png>
Package pdftex.def Info: handscanner.png used on input line 1126.
(pdftex.def)             Requested size: 148.0pt x 147.99516pt.
 +
<mainhalltic-e.png, id=175, 491.8375pt x 491.8375pt>
File: mainhalltic-e.png Graphic file (type png)
 <use mainhalltic-e.png>
Package pdftex.def Info: mainhalltic-e.png used on input line 1142.
(pdftex.def)             Requested size: 148.0pt x 147.99516pt.

[34<./hyperblast.png><./spacec-long.png>] + |
<antenne.png, id=179, 451.6875pt x 451.6875pt>
File: antenne.png Graphic file (type png)
 <use antenne.png>
Package pdftex.def Info: antenne.png used on input line 1158.
(pdftex.def)             Requested size: 148.0pt x 148.00282pt.
 [35<./handscanner.png><./mainhalltic-e.png>] + <c-venti.png, id=183, 451.6875p
t x 451.6875pt>
File: c-venti.png Graphic file (type png)

<use c-venti.png>
Package pdftex.def Info: c-venti.png used on input line 1174.
(pdftex.def)             Requested size: 148.0pt x 148.00282pt.
 + <ingresstable.png, id=184, 491.8375pt x 491.8375pt>
File: ingresstable.png Graphic file (type png)

<use ingresstable.png>
Package pdftex.def Info: ingresstable.png used on input line 1190.
(pdftex.def)             Requested size: 148.0pt x 147.99516pt.
 +
<membersonlyreplicator.png, id=185, 491.8375pt x 491.8375pt>
File: membersonlyreplicator.png Graphic file (type png)

<use membersonlyreplicator.png>
Package pdftex.def Info: membersonlyreplicator.png used on input line 1206.
(pdftex.def)             Requested size: 148.0pt x 147.99516pt.
 [36<./antenne.png><./c-venti.png>] +
<serverraum.png, id=189, 451.6875pt x 451.6875pt>
File: serverraum.png Graphic file (type png)
 <use serverraum.png>
Package pdftex.def Info: serverraum.png used on input line 1222.
(pdftex.def)             Requested size: 148.0pt x 148.00282pt.
 + |
[37<./ingresstable.png><./membersonlyreplicator.png>]
<cerebrum-clucter.png, id=193, 491.8375pt x 491.8375pt>
File: cerebrum-clucter.png Graphic file (type png)

<use cerebrum-clucter.png>
Package pdftex.def Info: cerebrum-clucter.png used on input line 1238.
(pdftex.def)             Requested size: 148.0pt x 147.99516pt.
 + <mainhall.png, id=194, 451.6875pt x 451.6875pt>
File: mainhall.png Graphic file (type png)

<use mainhall.png>
Package pdftex.def Info: mainhall.png used on input line 1254.
(pdftex.def)             Requested size: 148.0pt x 148.00282pt.
 + <cpindeltreppe.png, id=195, 491.8375pt x 491.8375pt>
File: cpindeltreppe.png Graphic file (type png)

<use cpindeltreppe.png>
Package pdftex.def Info: cpindeltreppe.png used on input line 1270.
(pdftex.def)             Requested size: 148.0pt x 147.99516pt.
 [38<./serverraum.png><./cerebrum-clucter.png>] +
<douglas-adamsche-tuer.png, id=199, 491.8375pt x 491.8375pt>
File: douglas-adamsche-tuer.png Graphic file (type png)

<use douglas-adamsche-tuer.png>
Package pdftex.def Info: douglas-adamsche-tuer.png used on input line 1286.
(pdftex.def)             Requested size: 148.0pt x 147.99516pt.


Package labels Warning: Label too tall by 2mm (6.03482pt) on input line 1286.

+ <ecit.png, id=200, 451.6875pt x 451.6875pt>
File: ecit.png Graphic file (type png)
 <use ecit.png>
Package pdftex.def Info: ecit.png used on input line 1302.
(pdftex.def)             Requested size: 148.0pt x 148.00282pt.
 [39<./mainhall.png><./cpindeltreppe.png>] + |
<members-only-area.png, id=204, 491.8375pt x 491.8375pt>
File: members-only-area.png Graphic file (type png)

<use members-only-area.png>
Package pdftex.def Info: members-only-area.png used on input line 1318.
(pdftex.def)             Requested size: 148.0pt x 147.99516pt.
 [40<./douglas-adamsche-tuer.png><./ecit.png>] +
<tace.png, id=208, 451.6875pt x 451.6875pt>
File: tace.png Graphic file (type png)
 <use tace.png>
Package pdftex.def Info: tace.png used on input line 1334.
(pdftex.def)             Requested size: 148.0pt x 148.00282pt.
 +
<c-gate.png, id=209, 451.6875pt x 451.6875pt>
File: c-gate.png Graphic file (type png)
 <use c-gate.png>
Package pdftex.def Info: c-gate.png used on input line 1350.
(pdftex.def)             Requested size: 148.0pt x 148.00282pt.
 +
<loetstelle.png, id=210, 451.6875pt x 451.6875pt>
File: loetstelle.png Graphic file (type png)
 <use loetstelle.png>
Package pdftex.def Info: loetstelle.png used on input line 1366.
(pdftex.def)             Requested size: 148.0pt x 148.00282pt.
 [41<./members-only-area.png><./tace.png>] +
<c-neidi.png, id=215, 451.6875pt x 451.6875pt>
File: c-neidi.png Graphic file (type png)
 <use c-neidi.png>
Package pdftex.def Info: c-neidi.png used on input line 1382.
(pdftex.def)             Requested size: 148.0pt x 148.00282pt.
 + | [42<./c-gate.png><./loetstelle.png>]
<antigrav-toiletten.png, id=219, 491.8375pt x 491.8375pt>
File: antigrav-toiletten.png Graphic file (type png)

<use antigrav-toiletten.png>
Package pdftex.def Info: antigrav-toiletten.png used on input line 1398.
(pdftex.def)             Requested size: 148.0pt x 147.99516pt.
 + <c64.png, id=220, 451.6875pt x 451.6875pt>
File: c64.png Graphic file (type png)

<use c64.png>
Package pdftex.def Info: c64.png used on input line 1414.
(pdftex.def)             Requested size: 148.0pt x 148.00282pt.
 + <siri-sonde.png, id=221, 451.6875pt x 451.6875pt>
File: siri-sonde.png Graphic file (type png)

<use siri-sonde.png>
Package pdftex.def Info: siri-sonde.png used on input line 1430.
(pdftex.def)             Requested size: 148.0pt x 148.00282pt.
 [43<./c-neidi.png><./antigrav-toiletten.png>] +
<raumanzuege.png, id=225, 491.8375pt x 491.8375pt>
File: raumanzuege.png Graphic file (type png)
 <use raumanzuege.png>
Package pdftex.def Info: raumanzuege.png used on input line 1446.
(pdftex.def)             Requested size: 148.0pt x 147.99516pt.
 +
<cassettenrecorder.png, id=226, 491.8375pt x 491.8375pt>
File: cassettenrecorder.png Graphic file (type png)

<use cassettenrecorder.png>
Package pdftex.def Info: cassettenrecorder.png used on input line 1462.
(pdftex.def)             Requested size: 148.0pt x 147.99516pt.
 [44<./c64.png><./siri-sonde.png>] + | [45<./raumanzuege.png><./cassettenrecorde
r.png>] (./labels.aux)

LaTeX Font Warning: Some font shapes were not available, defaults substituted.

)

Here is how much of LuaTeX's memory you used:
 18401 strings out of 494694
 100000,460012 words of node,token memory allocated
 1879 words of node memory still in use:
   25 hlist, 3 vlist, 5 rule, 5 disc, 2 math, 45 glue, 1 kern, 12 penalty, 45 gl
yph, 31 attribute, 162 glue_spec, 31 attribute_list, 2 write, 5 local_par, 1 pdf
_refximage, 1 pdf_setmatrix, 1 pdf_save, 1 pdf_restore nodes
   avail lists: 2:256,3:215,4:306,5:6,6:215,7:35,9:130,10:22
 21611 multiletter control sequences out of 65536+600000
 36 fonts using 2002615 bytes
 61i,12n,60p,469b,252s stack positions out of 5000i,500n,10000p,200000b,100000s
</Users/sebastian/Library/Fonts/x-scale-1.ttf>
Output written on labels.pdf (45 pages, 244859 bytes).

PDF statistics: 243 PDF objects out of 1000 (max. 8388607)
 101 compressed objects within 2 object streams
 0 named destinations out of 1000 (max. 131072)
 1 words of extra memory for PDF output out of 10000 (max. 10000000)

